Copyright 1986-2022 Xilinx, Inc. All Rights Reserved.
-------------------------------------------------------------------------------------
| Tool Version : Vivado v.2022.1 (win64) Build 3526262 Mon Apr 18 15:48:16 MDT 2022
| Date         : Wed Nov 16 18:22:12 2022
| Host         : DESKTOP-GRML running 64-bit major release  (build 9200)
| Command      : report_control_sets -verbose -file Receptor_control_sets_placed.rpt
| Design       : Receptor
| Device       : xc7a35t
-------------------------------------------------------------------------------------

Control Set Information

Table of Contents
-----------------
1. Summary
2. Histogram
3. Flip-Flop Distribution
4. Detailed Control Set Information

1. Summary
----------

+----------------------------------------------------------+-------+
|                          Status                          | Count |
+----------------------------------------------------------+-------+
| Total control sets                                       |     3 |
|    Minimum number of control sets                        |     3 |
|    Addition due to synthesis replication                 |     0 |
|    Addition due to physical synthesis replication        |     0 |
| Unused register locations in slices containing registers |     8 |
+----------------------------------------------------------+-------+
* Control sets can be merged at opt_design using control_set_merge or merge_equivalent_drivers
** Run report_qor_suggestions for automated merging and remapping suggestions


2. Histogram
------------

+--------------------+-------+
|       Fanout       | Count |
+--------------------+-------+
| Total control sets |     3 |
| >= 0 to < 4        |     0 |
| >= 4 to < 6        |     2 |
| >= 6 to < 8        |     0 |
| >= 8 to < 10       |     0 |
| >= 10 to < 12      |     0 |
| >= 12 to < 14      |     0 |
| >= 14 to < 16      |     1 |
| >= 16              |     0 |
+--------------------+-------+
* Control sets can be remapped at either synth_design or opt_design


3. Flip-Flop Distribution
-------------------------

+--------------+-----------------------+------------------------+-----------------+--------------+
| Clock Enable | Synchronous Set/Reset | Asynchronous Set/Reset | Total Registers | Total Slices |
+--------------+-----------------------+------------------------+-----------------+--------------+
| No           | No                    | No                     |               5 |            2 |
| No           | No                    | Yes                    |               0 |            0 |
| No           | Yes                   | No                     |               0 |            0 |
| Yes          | No                    | No                     |               0 |            0 |
| Yes          | No                    | Yes                    |               0 |            0 |
| Yes          | Yes                   | No                     |              19 |            6 |
+--------------+-----------------------+------------------------+-----------------+--------------+


4. Detailed Control Set Information
-----------------------------------

+----------------+-------------------------+------------------+------------------+----------------+--------------+
|  Clock Signal  |      Enable Signal      | Set/Reset Signal | Slice Load Count | Bel Load Count | Bels / Slice |
+----------------+-------------------------+------------------+------------------+----------------+--------------+
|  clk_IBUF_BUFG | contadorTicks_siguiente | reset_IBUF       |                2 |              4 |         2.00 |
|  clk_IBUF_BUFG |                         |                  |                2 |              5 |         2.50 |
|  clk_IBUF_BUFG | registroDatos_siguiente | reset_IBUF       |                4 |             15 |         3.75 |
+----------------+-------------------------+------------------+------------------+----------------+--------------+


